<?xml version="1.0" encoding="UTF-8"?>
<!-- Generated by org.testng.reporters.JUnitXMLReporter -->
<testsuite ignored="0" hostname="MT" failures="0" tests="3" name="Form Submission using Chrome" time="9.528" errors="0" timestamp="2024-11-26T11:50:06 ICT">
  <testcase classname="com.TESTCASE.Test_FormSubmisstion" name="TC01_isPageLoadedSuccessfully" time="3.373"/>
  <testcase classname="com.TESTCASE.Test_FormSubmisstion" name="TC02_isMessageDisplayedAfterSubmittingForm" time="4.045"/>
  <testcase classname="com.TESTCASE.Test_FormSubmisstion" name="TC03_isContentMessageAsRequirement" time="0.016"/>
</testsuite> <!-- Form Submission using Chrome -->
