<?xml version="1.0" encoding="UTF-8"?>
<!-- Generated by org.testng.reporters.JUnitXMLReporter -->
<testsuite ignored="0" hostname="MT" failures="0" tests="3" name="Form Submission using FireFox" time="11.468" errors="0" timestamp="2024-11-26T11:50:08 ICT">
  <testcase classname="com.TESTCASE.Test_FormSubmisstion" name="TC01_isPageLoadedSuccessfully" time="2.484"/>
  <testcase classname="com.TESTCASE.Test_FormSubmisstion" name="TC02_isMessageDisplayedAfterSubmittingForm" time="4.027"/>
  <testcase classname="com.TESTCASE.Test_FormSubmisstion" name="TC03_isContentMessageAsRequirement" time="0.014"/>
</testsuite> <!-- Form Submission using FireFox -->
