<?xml version="1.0" encoding="UTF-8"?>
<testng-results ignored="0" total="9" passed="9" failed="0" skipped="0">
  <reporter-output>
  </reporter-output>
  <suite started-at="2024-11-26T11:49:57 ICT" name="Form Submission" finished-at="2024-11-26T11:50:09 ICT" duration-ms="12001">
    <groups>
    </groups>
    <test started-at="2024-11-26T11:49:57 ICT" name="Form Submission using Chrome" finished-at="2024-11-26T11:50:06 ICT" duration-ms="9528">
      <class name="com.TESTCASE.Test_FormSubmisstion">
        <test-method is-config="true" signature="openBrowser(java.lang.String)[pri:0, instance:com.TESTCASE.Test_FormSubmisstion@59d016c9]" started-at="2024-11-26T11:49:57 ICT" name="openBrowser" finished-at="2024-11-26T11:49:58 ICT" duration-ms="1401" status="PASS">
          <params>
            <param index="0">
              <value>
                <![CDATA[CHROME]]>
              </value>
            </param>
          </params>
          <reporter-output>
          </reporter-output>
        </test-method> <!-- openBrowser -->
        <test-method signature="TC01_isPageLoadedSuccessfully()[pri:0, instance:com.TESTCASE.Test_FormSubmisstion@59d016c9]" started-at="2024-11-26T11:49:58 ICT" name="TC01_isPageLoadedSuccessfully" finished-at="2024-11-26T11:50:01 ICT" duration-ms="3373" status="PASS">
          <reporter-output>
          </reporter-output>
        </test-method> <!-- TC01_isPageLoadedSuccessfully -->
        <test-method signature="TC02_isMessageDisplayedAfterSubmittingForm()[pri:1, instance:com.TESTCASE.Test_FormSubmisstion@59d016c9]" started-at="2024-11-26T11:50:01 ICT" name="TC02_isMessageDisplayedAfterSubmittingForm" finished-at="2024-11-26T11:50:05 ICT" duration-ms="4045" status="PASS">
          <reporter-output>
          </reporter-output>
        </test-method> <!-- TC02_isMessageDisplayedAfterSubmittingForm -->
        <test-method signature="TC03_isContentMessageAsRequirement()[pri:2, instance:com.TESTCASE.Test_FormSubmisstion@59d016c9]" started-at="2024-11-26T11:50:05 ICT" name="TC03_isContentMessageAsRequirement" finished-at="2024-11-26T11:50:05 ICT" depends-on-methods="com.TESTCASE.Test_FormSubmisstion.TC02_isMessageDisplayedAfterSubmittingForm" duration-ms="16" status="PASS">
          <reporter-output>
          </reporter-output>
        </test-method> <!-- TC03_isContentMessageAsRequirement -->
        <test-method is-config="true" signature="terminateBrowser()[pri:0, instance:com.TESTCASE.Test_FormSubmisstion@59d016c9]" started-at="2024-11-26T11:50:05 ICT" name="terminateBrowser" finished-at="2024-11-26T11:50:06 ICT" duration-ms="657" status="PASS">
          <reporter-output>
          </reporter-output>
        </test-method> <!-- terminateBrowser -->
      </class> <!-- com.TESTCASE.Test_FormSubmisstion -->
    </test> <!-- Form Submission using Chrome -->
    <test started-at="2024-11-26T11:49:57 ICT" name="Form Submission using FireFox" finished-at="2024-11-26T11:50:08 ICT" duration-ms="11468">
      <class name="com.TESTCASE.Test_FormSubmisstion">
        <test-method is-config="true" signature="openBrowser(java.lang.String)[pri:0, instance:com.TESTCASE.Test_FormSubmisstion@1700915]" started-at="2024-11-26T11:49:57 ICT" name="openBrowser" finished-at="2024-11-26T11:50:00 ICT" duration-ms="3582" status="PASS">
          <params>
            <param index="0">
              <value>
                <![CDATA[FIREFOX]]>
              </value>
            </param>
          </params>
          <reporter-output>
          </reporter-output>
        </test-method> <!-- openBrowser -->
        <test-method signature="TC01_isPageLoadedSuccessfully()[pri:0, instance:com.TESTCASE.Test_FormSubmisstion@1700915]" started-at="2024-11-26T11:50:00 ICT" name="TC01_isPageLoadedSuccessfully" finished-at="2024-11-26T11:50:03 ICT" duration-ms="2484" status="PASS">
          <reporter-output>
          </reporter-output>
        </test-method> <!-- TC01_isPageLoadedSuccessfully -->
        <test-method signature="TC02_isMessageDisplayedAfterSubmittingForm()[pri:1, instance:com.TESTCASE.Test_FormSubmisstion@1700915]" started-at="2024-11-26T11:50:03 ICT" name="TC02_isMessageDisplayedAfterSubmittingForm" finished-at="2024-11-26T11:50:07 ICT" duration-ms="4027" status="PASS">
          <reporter-output>
          </reporter-output>
        </test-method> <!-- TC02_isMessageDisplayedAfterSubmittingForm -->
        <test-method signature="TC03_isContentMessageAsRequirement()[pri:2, instance:com.TESTCASE.Test_FormSubmisstion@1700915]" started-at="2024-11-26T11:50:07 ICT" name="TC03_isContentMessageAsRequirement" finished-at="2024-11-26T11:50:07 ICT" depends-on-methods="com.TESTCASE.Test_FormSubmisstion.TC02_isMessageDisplayedAfterSubmittingForm" duration-ms="14" status="PASS">
          <reporter-output>
          </reporter-output>
        </test-method> <!-- TC03_isContentMessageAsRequirement -->
        <test-method is-config="true" signature="terminateBrowser()[pri:0, instance:com.TESTCASE.Test_FormSubmisstion@1700915]" started-at="2024-11-26T11:50:07 ICT" name="terminateBrowser" finished-at="2024-11-26T11:50:08 ICT" duration-ms="1345" status="PASS">
          <reporter-output>
          </reporter-output>
        </test-method> <!-- terminateBrowser -->
      </class> <!-- com.TESTCASE.Test_FormSubmisstion -->
    </test> <!-- Form Submission using FireFox -->
    <test started-at="2024-11-26T11:49:57 ICT" name="Form Submission using Edge" finished-at="2024-11-26T11:50:09 ICT" duration-ms="12001">
      <class name="com.TESTCASE.Test_FormSubmisstion">
        <test-method is-config="true" signature="openBrowser(java.lang.String)[pri:0, instance:com.TESTCASE.Test_FormSubmisstion@6a28ffa4]" started-at="2024-11-26T11:49:57 ICT" name="openBrowser" finished-at="2024-11-26T11:49:59 ICT" duration-ms="2923" status="PASS">
          <params>
            <param index="0">
              <value>
                <![CDATA[EDGE]]>
              </value>
            </param>
          </params>
          <reporter-output>
          </reporter-output>
        </test-method> <!-- openBrowser -->
        <test-method signature="TC01_isPageLoadedSuccessfully()[pri:0, instance:com.TESTCASE.Test_FormSubmisstion@6a28ffa4]" started-at="2024-11-26T11:49:59 ICT" name="TC01_isPageLoadedSuccessfully" finished-at="2024-11-26T11:50:02 ICT" duration-ms="2964" status="PASS">
          <reporter-output>
          </reporter-output>
        </test-method> <!-- TC01_isPageLoadedSuccessfully -->
        <test-method signature="TC02_isMessageDisplayedAfterSubmittingForm()[pri:1, instance:com.TESTCASE.Test_FormSubmisstion@6a28ffa4]" started-at="2024-11-26T11:50:02 ICT" name="TC02_isMessageDisplayedAfterSubmittingForm" finished-at="2024-11-26T11:50:07 ICT" duration-ms="4291" status="PASS">
          <reporter-output>
          </reporter-output>
        </test-method> <!-- TC02_isMessageDisplayedAfterSubmittingForm -->
        <test-method signature="TC03_isContentMessageAsRequirement()[pri:2, instance:com.TESTCASE.Test_FormSubmisstion@6a28ffa4]" started-at="2024-11-26T11:50:07 ICT" name="TC03_isContentMessageAsRequirement" finished-at="2024-11-26T11:50:07 ICT" depends-on-methods="com.TESTCASE.Test_FormSubmisstion.TC02_isMessageDisplayedAfterSubmittingForm" duration-ms="21" status="PASS">
          <reporter-output>
          </reporter-output>
        </test-method> <!-- TC03_isContentMessageAsRequirement -->
        <test-method is-config="true" signature="terminateBrowser()[pri:0, instance:com.TESTCASE.Test_FormSubmisstion@6a28ffa4]" started-at="2024-11-26T11:50:07 ICT" name="terminateBrowser" finished-at="2024-11-26T11:50:09 ICT" duration-ms="1786" status="PASS">
          <reporter-output>
          </reporter-output>
        </test-method> <!-- terminateBrowser -->
      </class> <!-- com.TESTCASE.Test_FormSubmisstion -->
    </test> <!-- Form Submission using Edge -->
  </suite> <!-- Form Submission -->
</testng-results>
